Build started 12/04/2015 19:41:17.
     1>Project "C:\Users\blogs_000\Desktop\StarshipFontana-master\src\uni.vcxproj" on node 2 (Rebuild target(s)).
     1>ClCompile:
         C:\Program Files (x86)\Microsoft Visual Studio 11.0\VC\bin\CL.exe /c /Zi /nologo /W3 /WX- /Od /Oy- /D WIN32 /D _DEBUG /D _WINDOWS /Gm /EHsc /RTC1 /MDd /GS /fp:precise /Zc:wchar_t /Zc:forScope /Fo"Debug\\" /Fd"Debug\vc110.pdb" /Gd /TP /analyze- /errorReport:prompt Main.cpp SFApp.cpp SFAsset.cpp SFBoundingBox.cpp SFEvent.cpp SFWindow.cpp
         SFWindow.cpp
         SFEvent.cpp
         SFBoundingBox.cpp
     1>SFBoundingBox.cpp(7): warning C4244: 'argument' : conversion from 'double' to 'const float', possible loss of data
     1>SFBoundingBox.cpp(8): warning C4244: 'argument' : conversion from 'double' to 'const float', possible loss of data
         SFAsset.cpp
     1>SFAsset.cpp(90): warning C4244: '=' : conversion from 'const float' to 'int', possible loss of data
     1>SFAsset.cpp(91): warning C4244: '=' : conversion from 'const float' to 'int', possible loss of data
     1>SFAsset.cpp(92): warning C4244: '=' : conversion from 'const float' to 'int', possible loss of data
     1>SFAsset.cpp(93): warning C4244: '=' : conversion from 'const float' to 'int', possible loss of data
         SFApp.cpp
     1>SFApp.cpp(10): warning C4244: 'argument' : conversion from 'int' to 'const float', possible loss of data
     1>SFApp.cpp(19): warning C4244: 'argument' : conversion from 'int' to 'const float', possible loss of data
     1>SFApp.cpp(29): warning C4244: 'argument' : conversion from 'int' to 'const float', possible loss of data
     1>SFApp.cpp(154): error C2086: 'std::list<_Ty> tmp' : redefinition
                 with
                 [
                     _Ty=std::shared_ptr<SFAsset>
                 ]
                 SFApp.cpp(145) : see declaration of 'tmp'
         Main.cpp
         Generating Code...
     1>Done Building Project "C:\Users\blogs_000\Desktop\StarshipFontana-master\src\uni.vcxproj" (Rebuild target(s)) -- FAILED.

Build FAILED.

Time Elapsed 00:00:15.13
